<?xml version="1.0" encoding="UTF-8"?>
<testsuites name="jest tests" tests="2" failures="0" errors="0" time="3.986">
  <testsuite name="Health" errors="0" failures="0" skipped="0" timestamp="2025-08-13T23:07:33" time="3.696" tests="2">
    <testcase classname="Health GET /health responde ok:true" name="Health GET /health responde ok:true" time="0.038">
    </testcase>
    <testcase classname="Health GET / responde texto de bienvenida" name="Health GET / responde texto de bienvenida" time="0.006">
    </testcase>
  </testsuite>
</testsuites>